<?xml version="1.0" encoding="UTF-8"?>
<testsuite xmlns:xsi="http://www.w3.org/2001/XMLSchema-instance" xsi:noNamespaceSchemaLocation="https://maven.apache.org/surefire/maven-surefire-plugin/xsd/surefire-test-report.xsd" version="3.0.2" name="com.aipractice.ai_practice.AiPracticeApplicationTests" time="1.455" tests="1" errors="0" skipped="0" failures="0">
  <properties>
    <property name="java.specification.version" value="21"/>
    <property name="sun.jnu.encoding" value="UTF-8"/>
    <property name="java.class.path" value="/Users/ash/IdeaProjects/ai-practice/target/test-classes:/Users/ash/IdeaProjects/ai-practice/target/classes:/Users/ash/.m2/repository/org/springframework/boot/spring-boot-starter-web/3.5.6/spring-boot-starter-web-3.5.6.jar:/Users/ash/.m2/repository/org/springframework/boot/spring-boot-starter/3.5.6/spring-boot-starter-3.5.6.jar:/Users/ash/.m2/repository/org/springframework/boot/spring-boot/3.5.6/spring-boot-3.5.6.jar:/Users/ash/.m2/repository/org/springframework/boot/spring-boot-autoconfigure/3.5.6/spring-boot-autoconfigure-3.5.6.jar:/Users/ash/.m2/repository/org/springframework/boot/spring-boot-starter-logging/3.5.6/spring-boot-starter-logging-3.5.6.jar:/Users/ash/.m2/repository/ch/qos/logback/logback-classic/1.5.18/logback-classic-1.5.18.jar:/Users/ash/.m2/repository/ch/qos/logback/logback-core/1.5.18/logback-core-1.5.18.jar:/Users/ash/.m2/repository/org/apache/logging/log4j/log4j-to-slf4j/2.24.3/log4j-to-slf4j-2.24.3.jar:/Users/ash/.m2/repository/org/apache/logging/log4j/log4j-api/2.24.3/log4j-api-2.24.3.jar:/Users/ash/.m2/repository/org/slf4j/jul-to-slf4j/2.0.17/jul-to-slf4j-2.0.17.jar:/Users/ash/.m2/repository/jakarta/annotation/jakarta.annotation-api/2.1.1/jakarta.annotation-api-2.1.1.jar:/Users/ash/.m2/repository/org/yaml/snakeyaml/2.4/snakeyaml-2.4.jar:/Users/ash/.m2/repository/org/springframework/boot/spring-boot-starter-json/3.5.6/spring-boot-starter-json-3.5.6.jar:/Users/ash/.m2/repository/com/fasterxml/jackson/core/jackson-databind/2.19.2/jackson-databind-2.19.2.jar:/Users/ash/.m2/repository/com/fasterxml/jackson/core/jackson-annotations/2.19.2/jackson-annotations-2.19.2.jar:/Users/ash/.m2/repository/com/fasterxml/jackson/core/jackson-core/2.19.2/jackson-core-2.19.2.jar:/Users/ash/.m2/repository/com/fasterxml/jackson/datatype/jackson-datatype-jdk8/2.19.2/jackson-datatype-jdk8-2.19.2.jar:/Users/ash/.m2/repository/com/fasterxml/jackson/datatype/jackson-datatype-jsr310/2.19.2/jackson-datatype-jsr310-2.19.2.jar:/Users/ash/.m2/repository/com/fasterxml/jackson/module/jackson-module-parameter-names/2.19.2/jackson-module-parameter-names-2.19.2.jar:/Users/ash/.m2/repository/org/springframework/boot/spring-boot-starter-tomcat/3.5.6/spring-boot-starter-tomcat-3.5.6.jar:/Users/ash/.m2/repository/org/apache/tomcat/embed/tomcat-embed-core/10.1.46/tomcat-embed-core-10.1.46.jar:/Users/ash/.m2/repository/org/apache/tomcat/embed/tomcat-embed-el/10.1.46/tomcat-embed-el-10.1.46.jar:/Users/ash/.m2/repository/org/apache/tomcat/embed/tomcat-embed-websocket/10.1.46/tomcat-embed-websocket-10.1.46.jar:/Users/ash/.m2/repository/org/springframework/spring-web/6.2.11/spring-web-6.2.11.jar:/Users/ash/.m2/repository/org/springframework/spring-beans/6.2.11/spring-beans-6.2.11.jar:/Users/ash/.m2/repository/io/micrometer/micrometer-observation/1.15.4/micrometer-observation-1.15.4.jar:/Users/ash/.m2/repository/io/micrometer/micrometer-commons/1.15.4/micrometer-commons-1.15.4.jar:/Users/ash/.m2/repository/org/springframework/spring-webmvc/6.2.11/spring-webmvc-6.2.11.jar:/Users/ash/.m2/repository/org/springframework/spring-aop/6.2.11/spring-aop-6.2.11.jar:/Users/ash/.m2/repository/org/springframework/spring-context/6.2.11/spring-context-6.2.11.jar:/Users/ash/.m2/repository/org/springframework/spring-expression/6.2.11/spring-expression-6.2.11.jar:/Users/ash/.m2/repository/org/springframework/ai/spring-ai-starter-model-openai/1.0.3/spring-ai-starter-model-openai-1.0.3.jar:/Users/ash/.m2/repository/org/springframework/ai/spring-ai-autoconfigure-model-openai/1.0.3/spring-ai-autoconfigure-model-openai-1.0.3.jar:/Users/ash/.m2/repository/org/springframework/ai/spring-ai-autoconfigure-model-tool/1.0.3/spring-ai-autoconfigure-model-tool-1.0.3.jar:/Users/ash/.m2/repository/org/springframework/ai/spring-ai-autoconfigure-retry/1.0.3/spring-ai-autoconfigure-retry-1.0.3.jar:/Users/ash/.m2/repository/org/springframework/ai/spring-ai-autoconfigure-model-chat-observation/1.0.3/spring-ai-autoconfigure-model-chat-observation-1.0.3.jar:/Users/ash/.m2/repository/org/springframework/ai/spring-ai-autoconfigure-model-embedding-observation/1.0.3/spring-ai-autoconfigure-model-embedding-observation-1.0.3.jar:/Users/ash/.m2/repository/org/springframework/ai/spring-ai-autoconfigure-model-image-observation/1.0.3/spring-ai-autoconfigure-model-image-observation-1.0.3.jar:/Users/ash/.m2/repository/org/springframework/ai/spring-ai-openai/1.0.3/spring-ai-openai-1.0.3.jar:/Users/ash/.m2/repository/org/springframework/ai/spring-ai-model/1.0.3/spring-ai-model-1.0.3.jar:/Users/ash/.m2/repository/org/springframework/ai/spring-ai-commons/1.0.3/spring-ai-commons-1.0.3.jar:/Users/ash/.m2/repository/io/micrometer/micrometer-core/1.15.4/micrometer-core-1.15.4.jar:/Users/ash/.m2/repository/org/hdrhistogram/HdrHistogram/2.2.2/HdrHistogram-2.2.2.jar:/Users/ash/.m2/repository/org/latencyutils/LatencyUtils/2.0.3/LatencyUtils-2.0.3.jar:/Users/ash/.m2/repository/io/micrometer/context-propagation/1.1.3/context-propagation-1.1.3.jar:/Users/ash/.m2/repository/org/springframework/ai/spring-ai-template-st/1.0.3/spring-ai-template-st-1.0.3.jar:/Users/ash/.m2/repository/org/antlr/ST4/4.3.4/ST4-4.3.4.jar:/Users/ash/.m2/repository/org/antlr/antlr-runtime/3.5.3/antlr-runtime-3.5.3.jar:/Users/ash/.m2/repository/org/springframework/spring-messaging/6.2.11/spring-messaging-6.2.11.jar:/Users/ash/.m2/repository/io/projectreactor/reactor-core/3.7.11/reactor-core-3.7.11.jar:/Users/ash/.m2/repository/org/reactivestreams/reactive-streams/1.0.4/reactive-streams-1.0.4.jar:/Users/ash/.m2/repository/org/antlr/antlr4-runtime/4.13.1/antlr4-runtime-4.13.1.jar:/Users/ash/.m2/repository/com/github/victools/jsonschema-module-swagger-2/4.37.0/jsonschema-module-swagger-2-4.37.0.jar:/Users/ash/.m2/repository/io/swagger/core/v3/swagger-annotations-jakarta/2.2.30/swagger-annotations-jakarta-2.2.30.jar:/Users/ash/.m2/repository/org/springframework/ai/spring-ai-retry/1.0.3/spring-ai-retry-1.0.3.jar:/Users/ash/.m2/repository/org/springframework/retry/spring-retry/2.0.12/spring-retry-2.0.12.jar:/Users/ash/.m2/repository/com/github/victools/jsonschema-generator/4.37.0/jsonschema-generator-4.37.0.jar:/Users/ash/.m2/repository/com/fasterxml/classmate/1.7.0/classmate-1.7.0.jar:/Users/ash/.m2/repository/com/github/victools/jsonschema-module-jackson/4.37.0/jsonschema-module-jackson-4.37.0.jar:/Users/ash/.m2/repository/org/springframework/spring-context-support/6.2.11/spring-context-support-6.2.11.jar:/Users/ash/.m2/repository/org/springframework/spring-webflux/6.2.11/spring-webflux-6.2.11.jar:/Users/ash/.m2/repository/org/slf4j/slf4j-api/2.0.17/slf4j-api-2.0.17.jar:/Users/ash/.m2/repository/org/springframework/ai/spring-ai-autoconfigure-model-chat-client/1.0.3/spring-ai-autoconfigure-model-chat-client-1.0.3.jar:/Users/ash/.m2/repository/org/springframework/ai/spring-ai-client-chat/1.0.3/spring-ai-client-chat-1.0.3.jar:/Users/ash/.m2/repository/com/fasterxml/jackson/module/jackson-module-jsonSchema/2.19.2/jackson-module-jsonSchema-2.19.2.jar:/Users/ash/.m2/repository/javax/validation/validation-api/1.1.0.Final/validation-api-1.1.0.Final.jar:/Users/ash/.m2/repository/com/knuddels/jtokkit/1.1.0/jtokkit-1.1.0.jar:/Users/ash/.m2/repository/org/springframework/ai/spring-ai-autoconfigure-model-chat-memory/1.0.3/spring-ai-autoconfigure-model-chat-memory-1.0.3.jar:/Users/ash/.m2/repository/org/springframework/boot/spring-boot-starter-test/3.5.6/spring-boot-starter-test-3.5.6.jar:/Users/ash/.m2/repository/org/springframework/boot/spring-boot-test/3.5.6/spring-boot-test-3.5.6.jar:/Users/ash/.m2/repository/org/springframework/boot/spring-boot-test-autoconfigure/3.5.6/spring-boot-test-autoconfigure-3.5.6.jar:/Users/ash/.m2/repository/com/jayway/jsonpath/json-path/2.9.0/json-path-2.9.0.jar:/Users/ash/.m2/repository/jakarta/xml/bind/jakarta.xml.bind-api/4.0.2/jakarta.xml.bind-api-4.0.2.jar:/Users/ash/.m2/repository/jakarta/activation/jakarta.activation-api/2.1.4/jakarta.activation-api-2.1.4.jar:/Users/ash/.m2/repository/net/minidev/json-smart/2.5.2/json-smart-2.5.2.jar:/Users/ash/.m2/repository/net/minidev/accessors-smart/2.5.2/accessors-smart-2.5.2.jar:/Users/ash/.m2/repository/org/ow2/asm/asm/9.7.1/asm-9.7.1.jar:/Users/ash/.m2/repository/org/assertj/assertj-core/3.27.4/assertj-core-3.27.4.jar:/Users/ash/.m2/repository/net/bytebuddy/byte-buddy/1.17.7/byte-buddy-1.17.7.jar:/Users/ash/.m2/repository/org/awaitility/awaitility/4.2.2/awaitility-4.2.2.jar:/Users/ash/.m2/repository/org/hamcrest/hamcrest/3.0/hamcrest-3.0.jar:/Users/ash/.m2/repository/org/junit/jupiter/junit-jupiter/5.12.2/junit-jupiter-5.12.2.jar:/Users/ash/.m2/repository/org/junit/jupiter/junit-jupiter-api/5.12.2/junit-jupiter-api-5.12.2.jar:/Users/ash/.m2/repository/org/opentest4j/opentest4j/1.3.0/opentest4j-1.3.0.jar:/Users/ash/.m2/repository/org/junit/platform/junit-platform-commons/1.12.2/junit-platform-commons-1.12.2.jar:/Users/ash/.m2/repository/org/apiguardian/apiguardian-api/1.1.2/apiguardian-api-1.1.2.jar:/Users/ash/.m2/repository/org/junit/jupiter/junit-jupiter-params/5.12.2/junit-jupiter-params-5.12.2.jar:/Users/ash/.m2/repository/org/junit/jupiter/junit-jupiter-engine/5.12.2/junit-jupiter-engine-5.12.2.jar:/Users/ash/.m2/repository/org/junit/platform/junit-platform-engine/1.12.2/junit-platform-engine-1.12.2.jar:/Users/ash/.m2/repository/org/mockito/mockito-core/5.17.0/mockito-core-5.17.0.jar:/Users/ash/.m2/repository/net/bytebuddy/byte-buddy-agent/1.17.7/byte-buddy-agent-1.17.7.jar:/Users/ash/.m2/repository/org/objenesis/objenesis/3.3/objenesis-3.3.jar:/Users/ash/.m2/repository/org/mockito/mockito-junit-jupiter/5.17.0/mockito-junit-jupiter-5.17.0.jar:/Users/ash/.m2/repository/org/skyscreamer/jsonassert/1.5.3/jsonassert-1.5.3.jar:/Users/ash/.m2/repository/com/vaadin/external/google/android-json/0.0.20131108.vaadin1/android-json-0.0.20131108.vaadin1.jar:/Users/ash/.m2/repository/org/springframework/spring-core/6.2.11/spring-core-6.2.11.jar:/Users/ash/.m2/repository/org/springframework/spring-jcl/6.2.11/spring-jcl-6.2.11.jar:/Users/ash/.m2/repository/org/springframework/spring-test/6.2.11/spring-test-6.2.11.jar:/Users/ash/.m2/repository/org/xmlunit/xmlunit-core/2.10.4/xmlunit-core-2.10.4.jar:"/>
    <property name="java.vm.vendor" value="Oracle Corporation"/>
    <property name="sun.arch.data.model" value="64"/>
    <property name="java.vendor.url" value="https://java.oracle.com/"/>
    <property name="user.timezone" value="Asia/Kolkata"/>
    <property name="os.name" value="Mac OS X"/>
    <property name="java.vm.specification.version" value="21"/>
    <property name="APPLICATION_NAME" value="ai-practice"/>
    <property name="sun.java.launcher" value="SUN_STANDARD"/>
    <property name="user.country" value="IN"/>
    <property name="sun.boot.library.path" value="/Library/Java/JavaVirtualMachines/jdk-21.jdk/Contents/Home/lib"/>
    <property name="sun.java.command" value="/Users/ash/IdeaProjects/ai-practice/target/surefire/surefirebooter-20251019210638534_3.jar /Users/ash/IdeaProjects/ai-practice/target/surefire 2025-10-19T21-06-38_494-jvmRun1 surefire-20251019210638534_1tmp surefire_0-20251019210638534_2tmp"/>
    <property name="http.nonProxyHosts" value="local|*.local|169.254/16|*.169.254/16"/>
    <property name="jdk.debug" value="release"/>
    <property name="surefire.test.class.path" value="/Users/ash/IdeaProjects/ai-practice/target/test-classes:/Users/ash/IdeaProjects/ai-practice/target/classes:/Users/ash/.m2/repository/org/springframework/boot/spring-boot-starter-web/3.5.6/spring-boot-starter-web-3.5.6.jar:/Users/ash/.m2/repository/org/springframework/boot/spring-boot-starter/3.5.6/spring-boot-starter-3.5.6.jar:/Users/ash/.m2/repository/org/springframework/boot/spring-boot/3.5.6/spring-boot-3.5.6.jar:/Users/ash/.m2/repository/org/springframework/boot/spring-boot-autoconfigure/3.5.6/spring-boot-autoconfigure-3.5.6.jar:/Users/ash/.m2/repository/org/springframework/boot/spring-boot-starter-logging/3.5.6/spring-boot-starter-logging-3.5.6.jar:/Users/ash/.m2/repository/ch/qos/logback/logback-classic/1.5.18/logback-classic-1.5.18.jar:/Users/ash/.m2/repository/ch/qos/logback/logback-core/1.5.18/logback-core-1.5.18.jar:/Users/ash/.m2/repository/org/apache/logging/log4j/log4j-to-slf4j/2.24.3/log4j-to-slf4j-2.24.3.jar:/Users/ash/.m2/repository/org/apache/logging/log4j/log4j-api/2.24.3/log4j-api-2.24.3.jar:/Users/ash/.m2/repository/org/slf4j/jul-to-slf4j/2.0.17/jul-to-slf4j-2.0.17.jar:/Users/ash/.m2/repository/jakarta/annotation/jakarta.annotation-api/2.1.1/jakarta.annotation-api-2.1.1.jar:/Users/ash/.m2/repository/org/yaml/snakeyaml/2.4/snakeyaml-2.4.jar:/Users/ash/.m2/repository/org/springframework/boot/spring-boot-starter-json/3.5.6/spring-boot-starter-json-3.5.6.jar:/Users/ash/.m2/repository/com/fasterxml/jackson/core/jackson-databind/2.19.2/jackson-databind-2.19.2.jar:/Users/ash/.m2/repository/com/fasterxml/jackson/core/jackson-annotations/2.19.2/jackson-annotations-2.19.2.jar:/Users/ash/.m2/repository/com/fasterxml/jackson/core/jackson-core/2.19.2/jackson-core-2.19.2.jar:/Users/ash/.m2/repository/com/fasterxml/jackson/datatype/jackson-datatype-jdk8/2.19.2/jackson-datatype-jdk8-2.19.2.jar:/Users/ash/.m2/repository/com/fasterxml/jackson/datatype/jackson-datatype-jsr310/2.19.2/jackson-datatype-jsr310-2.19.2.jar:/Users/ash/.m2/repository/com/fasterxml/jackson/module/jackson-module-parameter-names/2.19.2/jackson-module-parameter-names-2.19.2.jar:/Users/ash/.m2/repository/org/springframework/boot/spring-boot-starter-tomcat/3.5.6/spring-boot-starter-tomcat-3.5.6.jar:/Users/ash/.m2/repository/org/apache/tomcat/embed/tomcat-embed-core/10.1.46/tomcat-embed-core-10.1.46.jar:/Users/ash/.m2/repository/org/apache/tomcat/embed/tomcat-embed-el/10.1.46/tomcat-embed-el-10.1.46.jar:/Users/ash/.m2/repository/org/apache/tomcat/embed/tomcat-embed-websocket/10.1.46/tomcat-embed-websocket-10.1.46.jar:/Users/ash/.m2/repository/org/springframework/spring-web/6.2.11/spring-web-6.2.11.jar:/Users/ash/.m2/repository/org/springframework/spring-beans/6.2.11/spring-beans-6.2.11.jar:/Users/ash/.m2/repository/io/micrometer/micrometer-observation/1.15.4/micrometer-observation-1.15.4.jar:/Users/ash/.m2/repository/io/micrometer/micrometer-commons/1.15.4/micrometer-commons-1.15.4.jar:/Users/ash/.m2/repository/org/springframework/spring-webmvc/6.2.11/spring-webmvc-6.2.11.jar:/Users/ash/.m2/repository/org/springframework/spring-aop/6.2.11/spring-aop-6.2.11.jar:/Users/ash/.m2/repository/org/springframework/spring-context/6.2.11/spring-context-6.2.11.jar:/Users/ash/.m2/repository/org/springframework/spring-expression/6.2.11/spring-expression-6.2.11.jar:/Users/ash/.m2/repository/org/springframework/ai/spring-ai-starter-model-openai/1.0.3/spring-ai-starter-model-openai-1.0.3.jar:/Users/ash/.m2/repository/org/springframework/ai/spring-ai-autoconfigure-model-openai/1.0.3/spring-ai-autoconfigure-model-openai-1.0.3.jar:/Users/ash/.m2/repository/org/springframework/ai/spring-ai-autoconfigure-model-tool/1.0.3/spring-ai-autoconfigure-model-tool-1.0.3.jar:/Users/ash/.m2/repository/org/springframework/ai/spring-ai-autoconfigure-retry/1.0.3/spring-ai-autoconfigure-retry-1.0.3.jar:/Users/ash/.m2/repository/org/springframework/ai/spring-ai-autoconfigure-model-chat-observation/1.0.3/spring-ai-autoconfigure-model-chat-observation-1.0.3.jar:/Users/ash/.m2/repository/org/springframework/ai/spring-ai-autoconfigure-model-embedding-observation/1.0.3/spring-ai-autoconfigure-model-embedding-observation-1.0.3.jar:/Users/ash/.m2/repository/org/springframework/ai/spring-ai-autoconfigure-model-image-observation/1.0.3/spring-ai-autoconfigure-model-image-observation-1.0.3.jar:/Users/ash/.m2/repository/org/springframework/ai/spring-ai-openai/1.0.3/spring-ai-openai-1.0.3.jar:/Users/ash/.m2/repository/org/springframework/ai/spring-ai-model/1.0.3/spring-ai-model-1.0.3.jar:/Users/ash/.m2/repository/org/springframework/ai/spring-ai-commons/1.0.3/spring-ai-commons-1.0.3.jar:/Users/ash/.m2/repository/io/micrometer/micrometer-core/1.15.4/micrometer-core-1.15.4.jar:/Users/ash/.m2/repository/org/hdrhistogram/HdrHistogram/2.2.2/HdrHistogram-2.2.2.jar:/Users/ash/.m2/repository/org/latencyutils/LatencyUtils/2.0.3/LatencyUtils-2.0.3.jar:/Users/ash/.m2/repository/io/micrometer/context-propagation/1.1.3/context-propagation-1.1.3.jar:/Users/ash/.m2/repository/org/springframework/ai/spring-ai-template-st/1.0.3/spring-ai-template-st-1.0.3.jar:/Users/ash/.m2/repository/org/antlr/ST4/4.3.4/ST4-4.3.4.jar:/Users/ash/.m2/repository/org/antlr/antlr-runtime/3.5.3/antlr-runtime-3.5.3.jar:/Users/ash/.m2/repository/org/springframework/spring-messaging/6.2.11/spring-messaging-6.2.11.jar:/Users/ash/.m2/repository/io/projectreactor/reactor-core/3.7.11/reactor-core-3.7.11.jar:/Users/ash/.m2/repository/org/reactivestreams/reactive-streams/1.0.4/reactive-streams-1.0.4.jar:/Users/ash/.m2/repository/org/antlr/antlr4-runtime/4.13.1/antlr4-runtime-4.13.1.jar:/Users/ash/.m2/repository/com/github/victools/jsonschema-module-swagger-2/4.37.0/jsonschema-module-swagger-2-4.37.0.jar:/Users/ash/.m2/repository/io/swagger/core/v3/swagger-annotations-jakarta/2.2.30/swagger-annotations-jakarta-2.2.30.jar:/Users/ash/.m2/repository/org/springframework/ai/spring-ai-retry/1.0.3/spring-ai-retry-1.0.3.jar:/Users/ash/.m2/repository/org/springframework/retry/spring-retry/2.0.12/spring-retry-2.0.12.jar:/Users/ash/.m2/repository/com/github/victools/jsonschema-generator/4.37.0/jsonschema-generator-4.37.0.jar:/Users/ash/.m2/repository/com/fasterxml/classmate/1.7.0/classmate-1.7.0.jar:/Users/ash/.m2/repository/com/github/victools/jsonschema-module-jackson/4.37.0/jsonschema-module-jackson-4.37.0.jar:/Users/ash/.m2/repository/org/springframework/spring-context-support/6.2.11/spring-context-support-6.2.11.jar:/Users/ash/.m2/repository/org/springframework/spring-webflux/6.2.11/spring-webflux-6.2.11.jar:/Users/ash/.m2/repository/org/slf4j/slf4j-api/2.0.17/slf4j-api-2.0.17.jar:/Users/ash/.m2/repository/org/springframework/ai/spring-ai-autoconfigure-model-chat-client/1.0.3/spring-ai-autoconfigure-model-chat-client-1.0.3.jar:/Users/ash/.m2/repository/org/springframework/ai/spring-ai-client-chat/1.0.3/spring-ai-client-chat-1.0.3.jar:/Users/ash/.m2/repository/com/fasterxml/jackson/module/jackson-module-jsonSchema/2.19.2/jackson-module-jsonSchema-2.19.2.jar:/Users/ash/.m2/repository/javax/validation/validation-api/1.1.0.Final/validation-api-1.1.0.Final.jar:/Users/ash/.m2/repository/com/knuddels/jtokkit/1.1.0/jtokkit-1.1.0.jar:/Users/ash/.m2/repository/org/springframework/ai/spring-ai-autoconfigure-model-chat-memory/1.0.3/spring-ai-autoconfigure-model-chat-memory-1.0.3.jar:/Users/ash/.m2/repository/org/springframework/boot/spring-boot-starter-test/3.5.6/spring-boot-starter-test-3.5.6.jar:/Users/ash/.m2/repository/org/springframework/boot/spring-boot-test/3.5.6/spring-boot-test-3.5.6.jar:/Users/ash/.m2/repository/org/springframework/boot/spring-boot-test-autoconfigure/3.5.6/spring-boot-test-autoconfigure-3.5.6.jar:/Users/ash/.m2/repository/com/jayway/jsonpath/json-path/2.9.0/json-path-2.9.0.jar:/Users/ash/.m2/repository/jakarta/xml/bind/jakarta.xml.bind-api/4.0.2/jakarta.xml.bind-api-4.0.2.jar:/Users/ash/.m2/repository/jakarta/activation/jakarta.activation-api/2.1.4/jakarta.activation-api-2.1.4.jar:/Users/ash/.m2/repository/net/minidev/json-smart/2.5.2/json-smart-2.5.2.jar:/Users/ash/.m2/repository/net/minidev/accessors-smart/2.5.2/accessors-smart-2.5.2.jar:/Users/ash/.m2/repository/org/ow2/asm/asm/9.7.1/asm-9.7.1.jar:/Users/ash/.m2/repository/org/assertj/assertj-core/3.27.4/assertj-core-3.27.4.jar:/Users/ash/.m2/repository/net/bytebuddy/byte-buddy/1.17.7/byte-buddy-1.17.7.jar:/Users/ash/.m2/repository/org/awaitility/awaitility/4.2.2/awaitility-4.2.2.jar:/Users/ash/.m2/repository/org/hamcrest/hamcrest/3.0/hamcrest-3.0.jar:/Users/ash/.m2/repository/org/junit/jupiter/junit-jupiter/5.12.2/junit-jupiter-5.12.2.jar:/Users/ash/.m2/repository/org/junit/jupiter/junit-jupiter-api/5.12.2/junit-jupiter-api-5.12.2.jar:/Users/ash/.m2/repository/org/opentest4j/opentest4j/1.3.0/opentest4j-1.3.0.jar:/Users/ash/.m2/repository/org/junit/platform/junit-platform-commons/1.12.2/junit-platform-commons-1.12.2.jar:/Users/ash/.m2/repository/org/apiguardian/apiguardian-api/1.1.2/apiguardian-api-1.1.2.jar:/Users/ash/.m2/repository/org/junit/jupiter/junit-jupiter-params/5.12.2/junit-jupiter-params-5.12.2.jar:/Users/ash/.m2/repository/org/junit/jupiter/junit-jupiter-engine/5.12.2/junit-jupiter-engine-5.12.2.jar:/Users/ash/.m2/repository/org/junit/platform/junit-platform-engine/1.12.2/junit-platform-engine-1.12.2.jar:/Users/ash/.m2/repository/org/mockito/mockito-core/5.17.0/mockito-core-5.17.0.jar:/Users/ash/.m2/repository/net/bytebuddy/byte-buddy-agent/1.17.7/byte-buddy-agent-1.17.7.jar:/Users/ash/.m2/repository/org/objenesis/objenesis/3.3/objenesis-3.3.jar:/Users/ash/.m2/repository/org/mockito/mockito-junit-jupiter/5.17.0/mockito-junit-jupiter-5.17.0.jar:/Users/ash/.m2/repository/org/skyscreamer/jsonassert/1.5.3/jsonassert-1.5.3.jar:/Users/ash/.m2/repository/com/vaadin/external/google/android-json/0.0.20131108.vaadin1/android-json-0.0.20131108.vaadin1.jar:/Users/ash/.m2/repository/org/springframework/spring-core/6.2.11/spring-core-6.2.11.jar:/Users/ash/.m2/repository/org/springframework/spring-jcl/6.2.11/spring-jcl-6.2.11.jar:/Users/ash/.m2/repository/org/springframework/spring-test/6.2.11/spring-test-6.2.11.jar:/Users/ash/.m2/repository/org/xmlunit/xmlunit-core/2.10.4/xmlunit-core-2.10.4.jar:"/>
    <property name="sun.cpu.endian" value="little"/>
    <property name="user.home" value="/Users/ash"/>
    <property name="user.language" value="en"/>
    <property name="java.specification.vendor" value="Oracle Corporation"/>
    <property name="java.version.date" value="2024-04-16"/>
    <property name="java.home" value="/Library/Java/JavaVirtualMachines/jdk-21.jdk/Contents/Home"/>
    <property name="file.separator" value="/"/>
    <property name="basedir" value="/Users/ash/IdeaProjects/ai-practice"/>
    <property name="java.vm.compressedOopsMode" value="Zero based"/>
    <property name="line.separator" value="&#10;"/>
    <property name="java.vm.specification.vendor" value="Oracle Corporation"/>
    <property name="java.specification.name" value="Java Platform API Specification"/>
    <property name="FILE_LOG_CHARSET" value="UTF-8"/>
    <property name="java.awt.headless" value="true"/>
    <property name="apple.awt.application.name" value="ForkedBooter"/>
    <property name="surefire.real.class.path" value="/Users/ash/IdeaProjects/ai-practice/target/surefire/surefirebooter-20251019210638534_3.jar"/>
    <property name="sun.management.compiler" value="HotSpot 64-Bit Tiered Compilers"/>
    <property name="ftp.nonProxyHosts" value="local|*.local|169.254/16|*.169.254/16"/>
    <property name="java.runtime.version" value="21.0.3+7-LTS-152"/>
    <property name="user.name" value="ash"/>
    <property name="stdout.encoding" value="UTF-8"/>
    <property name="path.separator" value=":"/>
    <property name="os.version" value="15.6.1"/>
    <property name="java.runtime.name" value="Java(TM) SE Runtime Environment"/>
    <property name="file.encoding" value="UTF-8"/>
    <property name="java.vm.name" value="Java HotSpot(TM) 64-Bit Server VM"/>
    <property name="localRepository" value="/Users/ash/.m2/repository"/>
    <property name="java.vendor.url.bug" value="https://bugreport.java.com/bugreport/"/>
    <property name="java.io.tmpdir" value="/var/folders/tk/jr0xv8052qlcvygf07vrr62r0000gn/T/"/>
    <property name="java.version" value="21.0.3"/>
    <property name="user.dir" value="/Users/ash/IdeaProjects/ai-practice"/>
    <property name="os.arch" value="aarch64"/>
    <property name="java.vm.specification.name" value="Java Virtual Machine Specification"/>
    <property name="PID" value="12694"/>
    <property name="CONSOLE_LOG_CHARSET" value="UTF-8"/>
    <property name="native.encoding" value="UTF-8"/>
    <property name="java.library.path" value="/Users/ash/Library/Java/Extensions:/Library/Java/Extensions:/Network/Library/Java/Extensions:/System/Library/Java/Extensions:/usr/lib/java:."/>
    <property name="java.vm.info" value="mixed mode, sharing"/>
    <property name="stderr.encoding" value="UTF-8"/>
    <property name="java.vendor" value="Oracle Corporation"/>
    <property name="java.vm.version" value="21.0.3+7-LTS-152"/>
    <property name="sun.io.unicode.encoding" value="UnicodeBig"/>
    <property name="socksNonProxyHosts" value="local|*.local|169.254/16|*.169.254/16"/>
    <property name="java.class.version" value="65.0"/>
    <property name="LOGGED_APPLICATION_NAME" value="[ai-practice] "/>
  </properties>
  <testcase name="contextLoads" classname="com.aipractice.ai_practice.AiPracticeApplicationTests" time="0.436">
    <system-out><![CDATA[21:06:38.875 [main] INFO org.springframework.test.context.support.AnnotationConfigContextLoaderUtils -- Could not detect default configuration classes for test class [com.aipractice.ai_practice.AiPracticeApplicationTests]: AiPracticeApplicationTests does not declare any static, non-private, non-final, nested classes annotated with @Configuration.
21:06:38.922 [main] INFO org.springframework.boot.test.context.SpringBootTestContextBootstrapper -- Found @SpringBootConfiguration com.aipractice.ai_practice.AiPracticeApplication for test class com.aipractice.ai_practice.AiPracticeApplicationTests

  .   ____          _            __ _ _
 /\\ / ___'_ __ _ _(_)_ __  __ _ \ \ \ \
( ( )\___ | '_ | '_| | '_ \/ _` | \ \ \ \
 \\/  ___)| |_)| | | | | || (_| |  ) ) ) )
  '  |____| .__|_| |_|_| |_\__, | / / / /
 =========|_|==============|___/=/_/_/_/

 :: Spring Boot ::                (v3.5.6)

2025-10-19T21:06:39.097+05:30  INFO 12694 --- [ai-practice] [           main] c.a.a.AiPracticeApplicationTests         : Starting AiPracticeApplicationTests using Java 21.0.3 with PID 12694 (started by ash in /Users/ash/IdeaProjects/ai-practice)
2025-10-19T21:06:39.097+05:30  INFO 12694 --- [ai-practice] [           main] c.a.a.AiPracticeApplicationTests         : No active profile set, falling back to 1 default profile: "default"
2025-10-19T21:06:39.823+05:30  INFO 12694 --- [ai-practice] [           main] c.a.a.AiPracticeApplicationTests         : Started AiPracticeApplicationTests in 0.844 seconds (process running for 1.244)
]]></system-out>
    <system-err><![CDATA[Mockito is currently self-attaching to enable the inline-mock-maker. This will no longer work in future releases of the JDK. Please add Mockito as an agent to your build as described in Mockito's documentation: https://javadoc.io/doc/org.mockito/mockito-core/latest/org.mockito/org/mockito/Mockito.html#0.3
WARNING: A Java agent has been loaded dynamically (/Users/ash/.m2/repository/net/bytebuddy/byte-buddy-agent/1.17.7/byte-buddy-agent-1.17.7.jar)
WARNING: If a serviceability tool is in use, please run with -XX:+EnableDynamicAgentLoading to hide this warning
WARNING: If a serviceability tool is not in use, please run with -Djdk.instrument.traceUsage for more information
WARNING: Dynamic loading of agents will be disallowed by default in a future release
]]></system-err>
  </testcase>
</testsuite>